26308098502148470970204437468733256622013798296 5114477548029925335668554648256603454197624257542 5136855665956914524591727914998057900784695305423 5583257992397120517346272441926789879354254707292
35599329389388389557031066352331104897662856973 5628128194082114825796359607152367542766467615577 12552869362524749145427974597508494240658092710 2762747625566019917995978507973708768717349054693
26086855881117158758358821436067558388713985052 808185400194284930709213102777786486490233143211 3183255792216148572904537214262760088978793893092 1986866339961547604826967673272491575661579073536
31623506674859711834382087671569092798302301391 11159142129558634830422817923446376974299831797808 2080859131625261122260261040836728851380683719975 545638931506523552131422906290594722504099724302
40004210399597655168405055604814027089454909225 2864058832436943807009822289957091360918920895016 277224144321026483394827244244131646602978812947 3815779422471669596594380013459522136423092302611
37650407252836009614547870513998872383232930796 2279893367210878366680977591460653225685053317861 936145966194860454864761788521899039979791361574 4923325964202875624115524168512332976353061199276
23230489844635431121180615822571527373450267913 148556136806108747374651856720514884625451242160 4665499042146410517976220212170729217750134589390 1549048592478331306660835386999840325000232179138
28971589905297675853555731319830134133086865660 9642018920752779153603596124105409626547093045810 5642294166082249624488491858914602284417689659502 1338950125873195060566686214486391858295376210371
24988588457519732962394398264084449442050097753 8563472575336251244429567754446150621713066907115 1320349695434484293813623802340093753767323726773 3175176160239056757729413796578884535948118495536
43357853008748850850854671888682204026038596529 525238159838437216379353698617570622075517424885 4154302561710546481533673303216980264852352719991 916886384797798632661854835732246351617225771214
39483288468765321506939638228493323354452259718 7937142721473004609004627527768961732952351682425 1446386249943365439292876763392011881025816657681 3438458085407772582305166897920279834241526898582
35820903756410729395696254153229074994592931765 1765508516298099256172515187358259883538207305719 1618959063858448774609138410941083962081130000712 5438668374089155520375246458290296686424667141678
23292858492205892358561219804374342862370306305 7659036284727286923692452100639646136883310037358 3347546988660439052519338014125454225811532366743 2978512194152582661314051173281280823416751256069
34754954858445700710918119842337689187741312935 577361767682474123709888286778699529719297084445 4736488754774365082537134868120651224242796781144 2419786473002598293144630236158948054630882544305
33066157528432089414110510465895039565166316176 860648935412810369846585698961159543923001737877 4838234900644332967642627068198738241072417782775 5507127555910302150187775443417988341158351507672
32072102336032415303631047852953150345519743572 660225023904400696193587490532028522622032620953 5333808766428123045764491008655749274230314788517 1260853523788878223565196433250099252454380295560
28030732524567250016613624023372989728551008604 2223325030139568094737947326689252766755012874170 1092116605651587225906150509888491238951493788167 3624585979750721296459071237870899240183340436981
24619323691492258409686212878706791540627407334 5108301830397589549925920544539764145525348661519 208340256679949443808299438588098312703188741369 5135940780807702969554392721817992984451647219638
43568610430352103136660180854150664117342956696 5389191005222400726553414925523435369350068438990 3095033579288993290802000773661665713516638417868 5134130512391906285413765284290309213660175543849
26091913807563440726277322008245728250815559143 8621738325220430254614931372070507688422230561816 2680310442966354267620438748757514439555252101961 5188410531477125005874644926466541440430797571436
26298947639969080772875275705604400145285530019 6372514023800557511547086679621467828660701967954 5490442742992025954805791225464226790695280236031 499654336012817490651275803364675994104946894719
28063882931648282904632022111233072233258909722 10437119354731590260282493133190042954201375161934 4265447802265414840297278426023177460735930226266 5561370392758770349406500856327420276955206332538
33849846867823387567704427405274480262105912853 6727396728847380817095249780751481994337629268158 5635963605326638636633732491867340315370268557404 3325686467356991863500862729484933895330241995210
31554161993592425823077874240982519909076355766 4310031358397390640257213063277082295141375391334 2757241329803159348764218996512260890211748848280 2540201342048049682835652666817259064767975249402
34612553285980651148947391656863320874071452073 3931423039099640139211548672550436256155742917317 3405620209986431366712431815398890971950308862614 499737770290349539814980308185158252077528754733
38383864706624283441520136631361329915990069301 4437257868017172655052546283057773131632250575187 1821922727678518445971843297926452259676698991357 3227928773297941467613244201262867346393322719559
35132379351790961150661533160195044359221843588 1318410964888715112320314720669244087469770125996 1928321389603275444082368115082530586454895595768 1051345222830438621438436837890000507314079956916
25272379699478957139803242528775302942933676621 11664158112592982752374462384515476270988408634767 423406880742198641513409545395511731441975059642 113799619034165665202064929798729127425660227634
36586041748883064248200782063609032573020532238 10660702282078848173051599219857374020149746774880 4883906846395104081242622695791608012917423394574 2133937213420933316624908039168853896866955191139
26619551838136442873178156192229421995795744263 10267026151584731630189471527269182245760784295445 5242845928249101042704345159358184144380854982058 3880361218745352171580268976165492274244895134184
31130088620754321455838403284074611659394239270 3509063185497598262251085558638165888504012862753 1163649829854898750526171697991267817400749954949 3451626335078530466913099919622218479347682854569
27821160395681379633592859882446636143016653923 10474870094888746364424009573569162911555229908574 4269098909262630765059257769901165519228559222337 2889671405098070529853019416062135551805060939578
25204198980481731154942776371339619346914638675 8699724659974740767092174206379150113963649391872 3113139516159980702342948599055453837114346966339 5295939353682424223869509228353806627059252053700
40918909008898549123301410326848727803363514315 5841548438614561419770124913854968800896055546281 5570067388849686860839601678098881323397511514359 5370596402513227123537875214137424350554129864330
30899025767029566350344588654375900874731162664 10028872307936774727383320293380978241685389052619 3840954080435003739834655520092463921136429192426 964664843689181738184168919297306706647677471351
42417408614950052517812549202288531179963532923 5630826583911685897831679403858345540957317394760 225892205740250274893579938338396638298407164535 2355626930593887524225976517579339401378421942290
42004014347605460569081853054481495547512251978 6500588393542157849686287050235987543132039142180 5779329059072632000252504176637370971932686032911 3079880533428355714417157349298109194566915537364
33184386883488435847389542028170721655348290716 2456635939301807410335927526650209485532846756127 3319549665677709395710726129280782453739684261325 4641355529186332392854191578522538228415598302018
26162165789225475999455892327396925769616854938 2098394041305332730152666001432554445534216099080 4084699516272452428273596161037161402920396714529 3773608941815900228950929472276126922246634519829
24226013184012083384835084178239797464954920025 9697034774697824455345199808075030019162085835693 2449862099110239394186275831292897260895329642423 5018965050017045985959365025137527071606498852652
43908508599354285875116189644617725627498767818 3846238988872327919847059795273696203420289899 1962028840265890840149377322664632357343104936815 2437303982587497742155071176186983812198464988195
39744448008246824102686068027134149073373217353 387687668198309979858495793903025111702603294392 2877109641504010902932179217890872759831334502630 3020448534947330393482637662684015335393215829063
37673971869211776386991084147598116830250699744 5469466882401331421461596085934527048827644922419 3945373800504651015591166904349173662574208129001 3193809108420593625817844926007195957991742222553
45193061764570062829451577903161660209166527994 9798969314930869290822930875631152802632050007803 5535509526427872448603698665523766870204070860902 2745755632722391185008063417012032779324150877995
37056836289087829489790137652788251603275387099 7815867555091257579534753842211946968979674393701 1806734077448470510658161903002908949132923261137 9784574019613990422590106129545882668709828906
39296051381240984768519190922155170522290227440 5157429993544109686382655852089051911623446730203 5049422116257276196807899137308075695924548843252 4842083818524338120390245545778256072989617366887
25457192122978592636400261589598794732596783317 4808852701549305971924297354179857048849415002885 1883046959941484977811720447463048947944538161756 3411491889487148246372441944220449788807735965632
42912232206658205121007084638810227583564311052 10585947962404684116851898457894042233512495740069 5753992721495892479367107323323639317976224743543 4413823121598159850780253293242476715724916141464
26638523301654021323676674860810570538198078781 2343013003617086677786659534287953445434915422047 1774196974398441740506093287584087456367970751828 472298370337968098219925288221081717345022321483
28304411013251021802366707726109555186060197748 4223969380765106875239762513649261683617184558257 370321362424002355336575387538265638337609454801 3155987860607736198725655369676615798978416679897
43369918854388827523762568406310677394574301556 11442575744097376564425456910574965383525591010291 3749106817124352104531395969122833471793929149883 5835763673825216899763585694961499171875917916309
34323257009466743805847885819218927695110191499 10412394532754732405138203989927480306427292479246 1802131498536938341926102109699374025224350575148 5281919117262432773694681800682061868589912662085
28289778753611371316386422868597392212781296136 3251581087124567450845121940129466079683667251882 1437009925836721874478399665209651509363352088150 5576926154493270461365170689106395256119570649562
30468187038147643753059455069300575758101215402 3631770871155721664086872422044593625217458363400 4261861531224411962048828283455945262197984009446 4969388087814202432644207950316042535852938307283
35666086869986028788001627571083706007504653535 9969565743302055098266669672903865244296083300613 1924349008280796300003213800705402435236039723283 30304203225925181584950015540041682617193390261
33275930483773904892060046555161008004481821684 3819284549668909686561000511536475636010470847568 2880522615076086572513879675417352882821984244157 1582200775152975795210470102563716569529817749498
28335260761991433540380474371877106059579543106 10617508332853646834530277458972686958627435428475 4006729990940678908159875657245313546625102034434 4446775369774513432199392226376811652098822321697
42684623318382210975013222862791226170028266019 1446496000113134407889432797091779055977063565876 2784539602220015390889133570202165984845581501682 1323991208243502958316694608371257788498254353485
42429646312855957295869029238628331670173064099 11328784435132151940884198696625806881778646236333 3594512287783132646056924227988706894135925993316 952611922288628437409603649577563438259836658774
38800449641693929258268391209462382404556435680 992174624001610672609067725556739261686154755323 5550722001361874143821328260397410722370179288309 1408829677614260677886410252047897866950105638684
37774854785693227654586283185296061292171445754 6094540750978080634928669605331437465581145096111 579141183683197221853965894465780395981211544753 4473556730345237974037393112401697516414692729070
39919459660825817136989072589219806637201647289 3265520127833307488614640144540278133060905235579 4132160396047419933517994810721211551754246929607 1093544658922986559730845278818456609242108520818
38203074549860818710632141419962565227429393619 5819067323940150772686287021767577928933160631500 1350894106673096743997381823741083363093515255142 2607612845449060218942999543955270183252239069748
29960093773836408858826378343122271006762323066 2106168782538081100257539609139522280100180986796 2661701295897640220531934274799967242758089387583 4925251420284341024514865814197702137156264231126
23467183739671985687856493748547795321595173257 3367894080361962449672008988500620044846624645772 3902427398211540344217063507454054224040740298175 2193689004329746063444377548241391566678820141301
28769859486357546090241122237058620872114924268 4182522819930533844977884769485070733847410780599 4525958360077749161829674410982821148488389064805 644909759871731352288884078772231813626973428954
23671099257425469560698554258170710765281107925 3965911375469632685692109228031837365685624820816 5832225992017027980231537964537081154613350294772 1370837319595621575378317113534077239362582374546
44737053986025216466096079939303997797249452433 3216317580374806327041701930397121444666857464270 1787145103655940659346689885756038652058587503020 2538426617596675885927383895430810113179875390607
35379539849526631511019611157109464810787717937 10146373032064330436712214041714776674686279764027 2059666516745254088372070134748070146895905733538 2186055212125405872525553500656700809277860396582
24793689042147526986349604130777869459085340937 6213618790557986027363288657140321991002239978130 3510785257324289000009971178888924450106904910193 244742627524765581786461043512442921458264977602
25236810056255930443700842109723214552981096424 871251985038594982394444716847087880779863517163 4265115129680006223222190070008301359514722556250 2812196661121581571502110545776050971440610648891
33285536316402418569769662222912685280840537996 6659467434071897117516411647378663372852491512328 5178675727334457262712018910231014838047958953326 4263972659432506325642195566946929086113865636472
25180485650236561331785715324423496728672588236 11585096324050504689350223149232007912355617266889 4364572658602431041626284741515947090581356375936 4328190158975308462055647904574059515869822123907
25234497246120178027257156279634584245379551287 621087657541459274861466741686869050986499621948 2398572577775037400639727926279300495617526675582 2343366693182954406429452016259592472631020324127
42594506140057976943670764532877101231864436290 4121590512783104718945787886402330473390433192292 2528420126819838153415668634913535813843429841603 2167558009893849441603935403547104159672191991077
26913835251660647805344104454640292801170074726 6538996326599200713763694729091805324483008799116 2115387290093509308118437285524663439999588256485 2175415273431973835960623798470912964642079629234
36926293053423846909752765425993217439355156420 1446834674294310032367754757997865531491653415433 4875454863395076282579090974838400245529357575613 2265763950228288858378819897669314505780522086194
27424721167906022347572819335136229313705046833 4008387418418708535560552029783429582581589822803 5828553647133478257691082182542971578196535762623 4055206447587347833093090429761058174327216132204
31146249187813001151402375083802517073769894978 11255455349663238899918808368052126544904301048286 3806803837677000075001121589113510379157971470246 489696178382854950255503835022189071199023498439
28550939638725095023594006634905631169936389249 5567194053779089888381904417752882113912193154023 1258364708946378172930694495638020790725852467727 5447658549957505144172015066304257741426857209468
34209878766018922193802999712360995835841037597 9805085094347412443339421312081292417695999481191 1500200323118557380425888630203213694177767676701 263052408677966455332359699400951684285033503611
43409913807872038450050982116361480140907984557 9014784365051685051772251659675764477329457303007 3216990512799527705133567377412813573315199049439 5238671715830747620198405732647266361307227979378
23730502413804800944046593365880903645076754029 3018192074662405603912700415078841791183683980692 5250204026846111870967611611602560470691896868483 436726725674937708737257954782779437905791849831
40658965215501458307616305364286742190220552107 9024851306918487119805467063234153374632744418143 4729066721081097070798996202920980853089205410576 2714921765390420440395925083110294517619109063442
24454949320031331194250930202870878058513241218 8009747695777039151671599568606191156585331106720 2435875691735999494569736186662279216940796868687 4669290555023475016954140516603742596911975258927
38751780183323931139352711447661718625281334533 947571331598550849544779614515159788508169640784 475943630440712913272612073629288426143410959551 2284549599735551948347826149465491170508899851937
40925376681080060682187948234781012057230225480 1827298904921764673056179246590757269758419355118 2950394692398447674427034091099011606378525039127 3356182175945069368713336860452288813861485202069
33623092823134840975923008785462742628011240090 9423931505518084530729114905897460585675763602904 452324795308946984153547858190050180253496527624 5389700990534973129699667145056503606510369957546
38836706190576245119532981351801290719241884464 3785631869168770083425521725832376704722967892322 1768601107482255905645540070091614059887472537420 1166112136165304891147950008140907323999703126563
30662719944562086163973523131886452994410839696 10911885707881799141566506219478190623850026712301 2885319267352580326989489062498267041721951638398 5662330131773766486213259978358391732819524232969
40869517228828309348546980357008187409057133136 3186886182389280686422107506371132588565447404132 1146815165366865428833554525729004995109768993964 4915449023261625062342627400256434942706474169811
44138436829260618105893126997737532542666348758 5693194030296880186824373756060409685003021877672 903763213920934087643983244499219090387207174037 5334289102829399663465518580458695086272130185817
28841085557507883472660213578097041895286488885 2423509191747292358000491757766135052770398521698 3633612815088481647026729719188584695365805947854 1924633351305129721498112905376561778827263255229
28442097436649061095324608128415531928657241704 9089642211411068496457897341695229214244033205951 3373709375031002609860155442771816571535445763243 2733381200506810382001394823636202379242747875471
32347993056438138288170335804767427366635567147 1118284879888934740425092686809449589197593141271 5723833358825895810407914029969626478317915650746 234161052523397207605419101508941179324329438410
44408339879257196630074638317379051361544213333 8905004088365449113893519950589547864689475868053 5821609014133902841454092921304965938972598186723 1996500250854106468168593951244430379901180762726
30914471727343109452048340999229552378195345904 6931543832144587423234197339627151037016169997732 4303849947942784683411369822614265387004648411797 2534809865162646498589274194418466469548007280480
39580513200590965476104329522784678660751875578 692147269161411573293638777938253253737718858048 1311726587433158417945937689824177965516088132537 4717589980154125912916180232359172041618124297469
31242205008465259560498463901315573692780072498 96156081835900325036314283998261813419639413828 4130630235786565762544235305461728126496295168493 4672519155172004765266288615663519364356399440855
35324705091954839057071053221792225023983046253 2277022069854995464092281169056903383119813270140 3845855772493894683734876017320303566229667156510 220335531365980134340157253793245340184739964456
23699877547627578301659860352896185360896325578 6367648249394308298262608845293895233129603498988 640493889237702062806710063064906962914283405549 1572792955520312717644525283538599635254432860233
27106589632892246490499811895453536795081108639 3543684001392270276759394070964676282662422647568 3005277337986612771870499499821255545632572089903 2713604831334165728123412356187805994646791062605
42592064199710044776158988877437635439191268797 8772103072674753110339730576215335765818242567120 581689507790951186402676336265679916418064483955 3046793868070234660339902916218394194411531439244
40171216979730374544007710531161375928748156819 4339136985816148813554926407414976373686207423158 2384228036674703275577105011827577594888136864288 3419817170165750333449240702287711794816944283533
33317955777421131451202925775286874016612313277 3159905004188180544040801976138791441859895497141 2976328118345489375459056322617250914473084016366 3083046843967535007668506960444010683686825370459
39748828577533661738801004338029381183879022487 9542787757474338776672601444519773022992314087481 1758073990422120202824123682094195697315500718639 5822191032872248731594272015945837434630542494468
35627554897953780699096633087088701907885754547 4500332679545281023210005911976708287685110057179 3359212105054281535480025992342878959485817113369 5324989658743138628713174730125785041948679098388
25866221969078953658250567539147417654556065641 4568664301926680474953941362317444328934793010500 118461251180233409521538539175787862538597551145 2715244921099703405173291021194468379168889246258
25028496604090948497221966143188831645910959401 2171239934063455386804864887449971773107392156486 2354489038947152458080549288973915464988811596272 3839364772063137710627992107414767901675212261453
27691173027324148823646595936590860835459945808 1621692600465042656020473117652404725476912722233 3141080600293669356526043476877599059463417810857 1923717206439318676831552072096058806283349027856
44162365462353156921401195786967909998572139450 5337832206121186962750418116450843423789950783234 4057588898848135985638760221708398961012646570106 1126070986433334038182384937941195804379520104512
26548421994672192968284824393086465821812843280 524117176735835634897581746303810366239566121790 3940972013270953285320984212120650382818474947190 5271808648224282788569211220350143822972904838400
42883503829058964686968445002694081034846558723 4178190737746163023302670335516700918649920326311 5476069850865022508557612784899116545954984289181 1867066206734490525750847075291531500434097997717
25302167678652636510018393468809135232226945656 1868903504530846983556903430078350362114402374893 1180603936245507463824685141176686357722769548005 2065875272326649783770111599447689076475911935981
35164214224066881978497279146963808681812747726 7154608745340331079223345284330016327159741932709 5225704369781749115658116897368920797771083625697 3318662029312971640322277341312543851421331565690
42163550050287062674935134290049107716452355481 1741046644170787361767957617126453727546830038237 1325536862461507252425400537968538528798639356210 5833898485752674817167480334107878900307310712147
29060186612885557792084129042483727644074633396 11396010832376234341912687044073327480768393196056 2326070388572445757518396485224110214091015237482 4045466405766851471924294053319336137425248852734
42515569781095621601567372650971006853474811578 3897469398325891417986437537252769647922803646242 2134236966261194662483439275886533615611664626957 780363550775266558579854359770528157111107563000
31815805567865422990144139854087759855466083308 921373641816393589486479444568378860085323696308 4569256000921558845076030975215172481864875357024 2157722388776003817456377145481106076866667420997
31831116821893364264942868699832104427763039715 584584775042918643077285900077917289267756440230 3153148921859383821484567830469386763868990607675 3802501295196092675990868407906370453593086527943
29281303922565829021742326016216108211577167600 8817657564936027751315944871977059003011965107073 3693924035511756467206321822157371160801720911182 5749462376254247290310436449081102154330684944675
30628291833592442595008114069729501977016758173 4157634483563966114697321457652272375804769486149 5655994510924016048130701784453050118144047421694 3741795312532311431155123752827795703063463833817
29284853816492446804413469171935413444461451492 5664221639121674410937744839397349712647737177640 3137995581895602334239951945900607147856009274382 4798702098170225049514702177277435360185262770258
34816666863323376129124744748820296968464726067 1069492425245754595587030706810748045292729002269 2529556976420325951869431272006883814894973695249 593461412953415536488081152697133934566669338899
34629580681015900937117600564598573109310921957 5063603632846785789897698997847476205343002825505 5074657064385740662311118044138062227397356999060 1019363292170889555109806357787377732940361952044
31968167450280102416468182207419563119813907631 1003646543995328497745451521155975382658378797827 3456766096265174946345949572686109869691474803371 1172272616529113840716406761374104653643711004317
40811701877355401236547786806328392415431590715 11299614043003427593771000153608075992748648729050 1260634987446391785459200777359705199810267732882 5260560549833126497405175942026414181837381379124
30525641021897218613094724295778626845730751641 3853494446976789702611568216501001917738956407586 4245498212123850982807258251168913425114115649405 2958278706692289403981854507895778718355855161456
44822439788996492269730254201288564148493746744 1599448486242270759808329138964687855194515874585 963455086392093150115012869739501136231777640288 4189601573176584956070877790683588813412285083148
44978352916330561811801116123957072511602904988 9198934903722198351040973867900032211297728565613 4674071342722005136364720048250400096858621774677 2568826753754958480114433967695116720490377840697
28126378065265516580907044420983758583080281081 8033303631112725829558494947436141623972860824235 2077414665085903961077843538028873803308283679757 2186434101815411904861766100494513007089634628951
30145362666104423189062432509441989337864322091 1804100145599219176443833571187613963153793438368 1886217477037171597143070700494269593806213940135 4094359036900846085123149550729355028906979580241
40110161190366815030239319078401807055777927246 5378426795457686622315268196778666821669367719219 1046964927481797463201665153502281483138225801293 4818787318318607895367916323192129755693720132687
30152522010635611724874062550614627210177832378 4815522824562078866571073201507802647617009165300 2399146313214284592317504891723107198035940097306 1229629185335363149639555593823006472866036543349
42198940952235025537084209409400741718205511432 4060816472619032750739407914988239623350525545661 3049433948326336937580443127724625255386887371222 733273027483017310740855592303508928288873319127
45172615993140387018899668633583383407306377622 8550939737948086113123802401619067718308704091993 2319762788968398056493284116393355905421877087412 5641648012988949799924439413520047236667606464761
30979815440421289238500125930875291095275122407 1063793535411478687170735597154964629562791547036 2250737175461300890273868522467762245837677639632 2844235237298358738475691835414070880379585886781
38473618911888573940966775142333230684967234499 6348654043014970610154649945652489796143581818126 1593846878902018578030839900552706231555006067814 939694777019135261880218707600882584283331123719
36873746883763517107167893861087683093439691061 5779927834294876089694233373301592916290258291952 3822623085296386860182314391220211423305960584110 5097374250240908873289871393014933425359363735718
25375190685113145333491551925024789150979574358 11294960194540241721802270798494494329198487847530 1615629266724422657379759004967895915350092598758 5226684002694759792999360486216303036216044511362
29437256609987797228975435348054283182966853976 11235529182135731828047699333517848442848172425807 4853347778340787566745741262233250651132249127914 4231372146194964684355336962565065766404215948922
42809608975643606018033442364604538254034870381 4059997677120017321165148962225246696662413680827 606618755797813771907984198159693382381350094056 4510260899214139897038038885291709580278685969759
30474082684490223753912717979118097944693248996 11418454466208335024521823970496332762364402269468 2226181825765434325398532566003974311179332689253 2668766973664155884895089746337804031055602121903
41146389555014517904634452408603484207340308108 3599752473179588388084520906052693967165552147754 3377984591400812906584624278715647148051951645086 112746761081890266588203354033273702146615680958
36763281489625171887764428024316756359166735904 11396510737358959281952184047163451034758342751275 4193142630306338681579648115331632510924751273775 3503189360893392245015190936197429945033471900197
38384742679399290956295034322640482794383631943 8051637710226330512642186234598521581221635973142 347019350055029789609204739608529521917287071523 1961830231785879260526073080138313805287202386362
37460480779408356107522903414938143001232984624 10911894710065440495819056917372037469880692432976 5329469978868353434218955058804326629210256238081 4504103477413324206650641982248177750561816950637
25294686594154763602466875396819718923088039585 1335183268255036162114363531755211759992571782848 2336333136155762731055707106411154622210165867397 1204391987773333096951852161391639952137841321785
40895376588214355187933972101567903580375159112 7279560777438489217885548469076130237075144218138 2404087934572556035363111728109728317735567716621 506408872014562945090087688986810313166517091625
43129933845325173501141539992464904832822856983 6462204998911591897964066736278863495361428276373 839658091593448400986152606189948539084781875196 3860020511423323752469098619888089458185962308225
30556075420502983441033776596177814733165101731 677631360312853848863067231692317060828542922610 247527924441018339326490672725676152015442344117 1728216900633410532442472265329678269472476215505
38146999148536939213094946238027832736800900424 346017174373963316573953122459362683000709444971 2409413596717577051786497617478488951010427227279 855739919959981805839942619512011425343364150954
24837547997172747021525035259511578284505316563 11306557297032596933988466011437326282652905066905 3299886335120074225778641993656470885128020634000 1980448390397921111258129189680083645969273091589
25057902692638600094545296140441512552522604763 3178588293697973133993231773490671236961450252922 2671281934499207819980305204534864959516719514156 2274268415989652632639906970097572249676173696238
28392297903098294078035096693844552003784457813 11524982941800166232345079417093538512757542284673 2087912218013553896974889822893204884811450441952 3009233317258690993945242280751767291461468210346
43330927102123982063950520474076464855148940056 2881306020646103244837261374212023389996071800527 216433468180294537181664348213566081052033846481 2344795556861719071218317700544075686838618495110
32931754517283506244831499543154922135052541903 2654061619306392211957675984555407350976223691730 5025737582174983393173229444248990728421183962811 5454324890322254527729397120095931499477342086976
32483333135716813998357046094716635282701943407 9000736108010704884546360146534235997818638107230 1673758402424062331391724995582018560819758881341 607584197669439006787397671793480348374855861936
34898473119972069997151756749721977797116277154 7082847553141956799562010579293631322008781098081 3277064830155250724005795109828986368499688023776 623426705162841162127244633299566957231869775687
24605230047833580599374712338007129481937618005 1367841833250521935042329562555312557538406752681 2591305694999457653472724661495937533230408063308 713435530387074348611596204040843606673436850431
40335747784063195919063913569041223026956320532 6557683056168550767540073521567039123793069583441 146353452844689769291473764557037167246472032811 4752769919120599130213129859831579667500789309637
28495711602425949098723651989910465266357771080 2843564878217911939368551346146388463129896632294 2014636313167991733805552378331465726262542823570 723164591151226735288009670393184413040910827693
39583884563529433635792032218099295134564061196 384289921385757152475804949870421444160670508970 1231271383798687476372959900973380127798136842635 3172537727745437609251811848791153310100299823811
31735436485044007150162716323564287807533185677 6060331853366571647308625928429534689938461549622 2225762185075785546169826200752061342785494649413 670703993003406842050893339899353228547355636445
27893861174292913402148455928236416419146815436 5660328590162355846210969664250277939415608125957 309417578257873709775717874105742494561522452039 1911380456592165946227060106442283836803216544207
41507315067584419938913701164209609788347046505 5086059839262279294946951587500611275572580386556 1197717501899380543596332950202090434776560979022 3160885659767412103879810265384843293484934120262
32470574590528251994887188486789097084351600795 3945042525630145847716897853168897955293704412649 581278082964649255218093995392485437215302394604 3039755299033316284190039343022896787766688440217
40698978968493703623773993999428343497419630590 3056103990856672023589379430809923800537761394672 1619769240774432535048213015879153093213073532124 858680889838887787579797321784129301333318287976
30384250216949219587243917372286314675027509520 5554098563217130054501936649360895218134683359281 5161201554234106824998592899651815133428610951029 5124446465780369205596242496926839804367728487884
33150866520873859371907361711783689802036947898 1856895368575514908030341857090631772452927293538 4652378485110090731358097464858793178356190990133 83283290394101097706121911840735158513147935718
43850254418609465071184379218970326065811597521 10363253210000186321683722767163725718861887610297 4427506897501777443997423493162367052213015521881 3928815264027196567897782584793941024679382417520
40510764257481852168124634028263717765994149957 4580117335263014216885617000356761382206885235242 1031265583179792622491022585415017873127865254248 5556345571093603695551848311630056254231612951908
42796897555701362913966622344289903056454144610 1220511130724566122767113369159645238965096573873 5338603703304087528573438552933301125437559104423 2745838674870142323674907299920251339189751799891
36646439354520965585023886336104038259666201438 8141904395848222095661367054735998678318957615817 5756952062648569603965161507886693363948920524976 3884430030502166460518274338911832608021841957633
39666728477256846050423122736506610842040160996 3615689667007338756573617866467548704909489340964 5435832535101230077531366675641290437171305313683 2199921228790330518017447861094788183700251267892
30914358389723416050600729935778017605728690637 5709019981088993804618546568646172102866439274555 4029345773157648902565941587391476563663057467380 1778383199919006329063947807921462752410991417457
42678718352046909040443406698394374386947934500 9485803990020976346257340493566761342763417309034 241539248934411390206794668413133339585649374123 3243343251474689450979348104919262001505905233174
33950972114772829573679383373395509406542029168 9142712134005661874207005727419312879184742168947 990212477930888351183509698875598716151618977018 4850296307705612994626754426317646414348078567430
25873536173073576730042318243129657486748616486 6025730163867870970866196095524774484927062007787 3180205269053270717796213193300815561685470104528 3152110144864516514165563925184734898326261100231
23140063258484283705869204916627849282252348692 1726483144051223814653493617922778693279208052951 4539609801163187887347038652800680028704903065249 230174674850070972121268527728294376577545674811
37716891630358846282384210878713635712558496903 8262904077920337121501727204796656017974874176184 2792809945832015779331005468026454794361042800311 2802576726049955913948621299125280071623645668895
27350691579289984926439973013774633711826986226 2982332556563499925649231821376499858286492903326 1933916034840273127147296320630478386356609269186 3644782352604708545079380762832643872929763477478
28046587719276740005380717936732371391483078851 11669204468442333160580731979564764886179981199686 5708089301290509092480389160747852819711017158250 2588955056670151497882653024623112819363437224570
37971539443486001417837663049868743793322084561 1201040835602132402238925093590981179803786027288 3072334978887845950626579887305762284568661934978 5368433985144360897269712687923861474859700269172
36668414457096204190921683334128949714767575455 11040792213340581413707560126033855795506160978067 3112212692193420073347106373161208424894729086676 5244279821678157042090530587453991967198831806668
24471765187292093394049909755581092022714604919 630806789233673890949042596430537711498705946911 4855800984679239085409099242992601911973986402441 2740219618649665778364919413073583603231104960377
43880490054352322816088819095432835010359418211 27462015832097870183257023672953362767400239790 2558011188748545389149791540723314748554674260992 688610614319893213445078327924404951237862329001
29784979101510679859878212928884625488157710284 8201608553395799013741780040988734192814102595289 2459121458574172166053925961752331804793478930716 3336469767492459618282400449646646704716915754713
28756040362093634531615938610109262007300127538 8320077441212388498852351398963673733453150361939 23293643450404709901796560553740893831010510370 4997686137105200176882511816252823791835119821625
31197890836200703585862141288263346342819922232 7168496633727322280886515915531203989274445094114 2841916646005235010814642348318483834921878432499 229731557094744106851366341467672282702448243526
27013421896467601672244345523167035987908316984 5061729989520042196547119039034086501400344775586 4415285561100507647737512839461247404387455108836 1454998255709148267862685703023832432437348061529
34577126445222667333972597485984370281632921896 976149176325866303154048300505565143481625113245 2699219990545451832882188759395307701118563139379 3986164151885582917082759718491127070012970380078
41949365861671763820618326318326020791766291903 552100724539693223571556575841201753605008334070 1633467005615074273358859497808523719040408652729 1432242208181864793916572508443480093159388813320
31199968412734596498049230505343880307004863879 4515395557313931028444562869278468131366408900728 2201984124520777179919428685134442451918666433939 5439789129257673652676487751502560942478034289467
43731698869495080955728483930243789889346731609 7566714513669288396481065660161957657059731069121 3466078248299853940193170436800847815651496581569 3099449637742757763897771779819370514845260670243
33181009487366881250886521136752906962309651000 2464107149978559526588108228235745223803197579390 2140281197064144379907152459929630890327825055112 2646125756755974416834047820064284130465232342212
23789731508295107476218861993053282586784733023 7380417224078731172300685391850971012423109624217 1505371885333641177135891063700168037786152405595 1089756718941210613681308598376414937794739336206
44000921913816372769507814100801807927706733470 11663667035983016995263897063816006109249746638278 297754335691077042886367633687006805336098314792 3943316765348974618512359740244805404846301393447
23021222770571621016700104206353535332425236935 2005993423756019160359205329806386196257647056746 804666270209541669533792363096516552144707573612 1650954560925406860016366230084557251579157476528
37693550444101520515624593218726495537821884736 2596232146350930300514508852342126327300835073294 4516921765774990131323059407282410847310268244954 3513745465091427719441179552987257847319650837323
32822436211517548830358541286349669958667024470 4838839625898064182372553999964352991539621580644 1926808344612205794778541489540305765931982985310 4319320260848237579637196840428166030808896153455
24297944202676079266416604093262273900561178882 7250558265042663059571828264345900608386664910773 5603002258627833845317229914964656386156375737037 5181882476942979963100931844172173970571156028713
34579636697566190859272170380024976111978401915 10655996630259061751779400873379110518085902176236 1531278032690161790855543147543226025822594590626 3345934398790266821086728632203737231659501983277
42600476090326403351031368484028867230610210456 188862688804246488864277087570183570478058764276 1013716148335418900365510589953123124932364626001 2625586228931405151379467304478307227904942634457
28142031751262552707813264822532618033086945529 6092171231028438094762281065022426007053544208935 4657605500264041372883809751725474327230463786342 2414951004601903616704254367907354860807854252198
41808276141069591902511708186965917884147083234 3037110468197402529908358666358360987711825201011 5545723286071115793852098803469042509806150329253 194712412194779191856958263847233048008405784582
39531619083054058737871536571890325671367856479 7390955660239735133300774296172077596200907254902 4755478374639115552546005278639995529042647706979 4343242853251981383365053895067762234357059117688
28304337588339672313118279739545978316111321320 10357670358067570193971487426687668168736062563884 2965490952364811587286929015660781911296019780769 4402388169081069280642100116208385662640248475473
38335057460807536826794380562617150021993416742 145365640659258610776342991891825959885577151661 3503603754940231572339401177002432849562270534828 381742507401436454396401435044668219854513223507
32085151427677131251406344764314773472367577508 9123329041153575744065200510847962255439899156750 4384282907599615439068370313107175179187626134 3592441386475325231801572902156371035014141562282
38941394565121420416498304075854395079630439359 5452162022749830232314221821615398816549304716910 132052037246845598174790866979735449818086611466 621849462872725662371241033328901270722548604200
36349560827182937139997910616313155428773716275 11411537666376176379433821339854261465517840972007 2280657661163709472953466249127082661645673806355 4700440800765088481464487039713149971395447139927
44687758832165182373969959299489384949469988673 9381072273985925441348645416396716185813962328230 2159010772065521675881877867860555613205863358350 3963022690548565634891104347518413455636289459108
37781920547051369380566313701522886729449491297 1250963201945841519254267097530678584039084680378 2784338360339729043761587101811264577089322975020 3088348273032789682734783710872729977750658543126
40562163255489721426393827123496102272870685846 2554197754418146131685485131284587798546946044664 2872864632012028929576726698339792821411362166042 3387953189885443324160342096722012935878762798371
29359016419734946781721368231565126700159757312 571210089262063839487730669317021677497357483220 5127834043263518468280231166638487038425121258204 1959924343789379553855122571905096929160470126814
29669970181301267648573464778413161624717822175 3751176004876311989213001763535435061262457941811 3523824778930264051417813131491134416546438528520 3598771361491831395694052559322524653122602928422
43266240670431200061457223598652194528107174760 4982087809492080467831442419099186314282722894532 4992235144650857259595648942011797200604986734018 2075803460654493931354546596750181351402781164446
38953080207317859701690009185222014710334748969 8092220577648009767473031952407506604690921306467 694352163036885924210117216590308518718245603399 3546019645192820526357286089465151125959440203132
41631066021868861897323160900990753813919551678 7115205455327886273596383485538525460456624833856 1546696073210768920451151866548836657528755642263 3645474827090027745023340259092803253980764015617
28961470557952212091869326945667824254593354139 5043467113430322329513161660829069751836428482616 5646713718123356883687245348174729218754616054637 4418713753962870627208032515430151771956443120522
33879853091574286620837797985379131771534662694 3265448881435658269973492624385513829658358739950 3548263727547718171892568718141948963948719433567 2717343912278503284844561515628569409335177964598
23415764331702616632763982882618327220611471213 2105213392337454440599380973822916731820843699591 4485706908734161525281734937013493657947792405120 156783857297603320020980897607148294819882769228
35464044190742015762903018738568279230833263673 585737687245191088820590120066678469752340637804 4405571098473795594171079825528114971918273490352 3293406999066152643783978633350909439004344717955
43498179377399138152009855976311888852108461662 9276611311760283748520919438004588680868688464231 2452153864658925581880263870922814937757664804673 4824432559718297074966977953727173876619815847847
36388362249476153856051640933560132351349099029 3633859403789963362178324291280829128456822771032 3806963716090660857956066856284561911292242223832 1599327940807697925504114764807691718941513259002
28650215264501658970439582187536362142904344167 2280150553733973186254174999087509970609937571568 5578018078058908350429087020862848438913083149324 1330654488671122061870572626995660598657588008660
39726693503431104017282350688201238650739723969 3951183600615946071033776627500562122717389700277 4249646292648545720765503065141846414751842892365 3121899337256851412600849828702381711811475121783
39914152283185220876915172365875948185441827704 6533286767739305968626092894685533861649380200603 3962265956766943496062410555540686766597859332650 1643935699255421136578798605420937193752178903105
44547021399781219520202841096034378023468661526 582777179900522967713445736598213905828984643675 5264087908691634154357288063842166203795905882006 3046377984096103605685173174595999069514608904369
31631182654456783972610144815568643812155507258 10680879039154446853518523258590872997713694318196 4554836225344556567476548282951979707524606949199 993725301847979757488110444975769372259126057450
30643021443776344332727151627334755579449206961 11316238269701079461759890873795544476347604777342 2721140262240353721163155510276977056257910701130 5480373119232345894585309123421866376766030035519
41462915762373668590232793050132295537057824962 4749142569298845148622254564627920568098634348289 2366811721500095416696455721571677720269702522280 5128569370579742660492763598613546818778119785667
26218467276836206230231425689471438906501045847 9740065066684598014897586956755212669569544698714 3567409713043511816232113242954446081127008521074 3839321338022538030626426205701873911998922193448
32737543668529339665770551517595718398416179234 8494872864904665618418199271288866997853805576840 672020301083788874956651588351801309282265202913 4088778338025673177422981414133236503504273365471
28683803432536300613545279304054095808672755667 306919100921195592593142984798498862185799853193 4071226603363338731831753687407044930783570301765 3384215959915693354829473661742378032660041445451
27577274248204885788948283762657612003722373988 6775183415515752699755251045057810170136150256979 137685843477330348562213081430517924587546303541 1499684231578757291669562488234196590249236455882
23732375458889988724245326518805566076829435910 3655754353538465268698152501357848638921151700251 5103009226412785427273959277746174386141199511424 1320223176192918864649896869832566409550842923715
27919369551071649941619265598177495792266629074 2307912056287208192898131684077260680390341432198 1983800160442368859445335090824233852318036588202 1028406777596679974806725963502083995359425880430
40852846956428919099814966361054938684178782146 4471950959498051509261909253259544879077012501520 5630457071140250303193706778636325121811330839089 1348776453011038213667631522926619293569210781617
23947243338253077098077234053841791882660002957 2548296149164858169258694965392294449053513717876 2084127259413772371564827966752378223353108644688 4775174641271012592942892940847963738972091881874
29285454184390781925092373680671008862661653666 1670220350575709136597075493728188209693348373848 5340168753165924290038759598514179539039669320492 167744810551491429094752051992488493124652030723
30784400772253631939129240550928176176404616333 7320848291643176778653837168934440555381479662245 1293714317532839165601440467561116780711813968488 168919666019257915661595997587099080005155991004
24099472288191001914254876887498322319324769852 7357509845129117586429858165261091802655088617382 1044816584938863682516299843962825699593436991547 5533196046317351493531506637463534442407981751865
33065175769425505274896380539990485710799457841 9441052508558540049600182537160629505341528198101 1298380601209508066520441676649963475979085667284 1109506525110366382523343221574908787384372563904
30137135897572965483878796720860903029464632974 4597830753047070361800889932156136185609174540723 2523909305160841310753874266221891588778684964382 826494963609020810652075980273790492816650653075
24936122496011178797852878482123258219724925420 9592520105354326457754817065385532666045628026453 5672817947420818276999337960048019037571204279190 3952096783999093128408617430452818220064590008186
30142831128763453686911930957453017213756444564 2442931533190941716697533544086042183167687853417 2151803828182041529900136487731519303111601464541 5261588590360858326007163196000358938663622209662
32491712188080948155712103830887839766116790240 2752860575553268895717663740064579376292851486890 5192570453710785543261971539188799767060864283409 3777539983009637934260540737738840954799231922811
26167054189496596996628249792442563492322401658 2240056801840142680511019922798362232325577194821 3281993178363183199579777358944649136205413277927 657809628854440025158878926811529745457178009504
39744345804313710809708542943130445479573037355 5713589801826144576976106140082560912645267998299 4246542998952942248312275928111159334125160008863 938613073525621905749540965034859261385300023061
23641281532091112532431689615271862849403924415 9655484081208795146578175985957553149368397456008 308423359824534377739954955329121057564135023708 2441085871984777311619837022837818631989379666743
41271733620429357649644318199678128344454765528 9489345953660337577340010629447007319230512527861 759727030928515515422835171827721819017475292839 4886479254687502606633398356590839127912833159980
40150881432097694617319416568869005666241233902 6089851760298573635878426850742613363676538434076 2294868163821891940078819024076472838304549480671 1238584861676281530086145292813404641079902366125
33470869937276328559264623408692405725857303200 5165628500158470027227554908047189193117614721952 4582633674723527616175365797414085783454574273821 3435620983794960564743679386475339522886165107436
29405098392824031626012019287774902975034813174 1319210292008515549729173290567995722308079989663 2911952425445330268120259024881860683625125918548 2040311270748322585631103412652628052686341457101
39908994403995772294408154367058698127118893360 11014030515204200087132618840412776745126712435794 2834903503023722031312587434316241655239813022019 1809087988331531411246616029040665489001868349799
24843373054897578624531725990620296803219402798 3636334167049960288286154789280867207230111687334 5557627741863696422320171108821158432996153562095 152391340750583700995178322953058668336646619184
37631620833834310565016736367781933711361156084 4849065527016381971098234040572584005492195238043 2332847050878262421635621261717024707614695748657 14975374643497570547268398586401167987813060116
29416418357543778824399103974440357338039903573 1520042693073862226154713879825425979006766121385 4739447911553096987810228714856724607913164570537 1793354282491028754183946749297709882285448624389
42526188102593861297562642234022784228995635402 11313853958139176109039186499675034635057804340268 5251448642497325357856233965237294754143632213439 4165408672017145134409683398977974361190307501081
40122547677999285733113660931815955844086474778 3059829307056394701779509771744318173577629416218 2856658417417290631518974053235738283469840304108 5404291835243664515680048463297855046763110633302
26135588298340643058521243567238315588099965078 7023695002205755606256484397599254186181928005341 770445694739084563734020365953501509436669870156 2410602797292889890439783780986854502807769044681
33881992396025458221756806634334934178236964686 7428611007128097317005731321169643208289759058708 3672742304398749206591464481724645731269561540472 3409262951435561558128730609936130374830966195844
43593829485855899953668813173381759779932583330 8819461804841360176028984609071816819678059372567 5621962206030987110701123690943950602377621056331 1388404117571708405157200354026870105776711574616
27943404509641668623399016086123268862685478043 999146826777780255180143304021484033345877131022 2137772028165077242272206290100635111960379824623 1964586476863508430697839543316464816648706705841
32365542994257133848843958638911557559205799916 4271674168645480279949457330486186984995311317536 2990757419397187663505551856187296628407117593728 188759093223145750186704720381282407122710516300
44241692877958945276348537598729408129079161903 5605422276479308037669264539478711693883117291248 4976934827447025560158419626444288527786049576029 513628387129290711566684711212347891111644025267
25350232158843404909575331461660527656339642588 8089622766314944517639901133856495374113286102509 2506799257456754392148672702383790630702789478296 5145130110501024432617009654447018435719278944300
34856526967365113164628141180087497067447387738 4637029227461280450710474215255123855310257487719 1339637732547308650584569939169792975366456219278 4453523244076186269852670312014732404761138956002
37105843080800803112449052393959726010568420166 1658238437123712685770583332331551592190002881706 1616475769717500599539542781726164124300751871529 2431170794650208150018487402320501085042966055151
29943349105685138231843875113159771016837337654 3567544401457545493039367991431244071181072816595 5768212396200765312607392900619371779191437117518 2458512726608771938218187202310105615711570963040
25141441000739403140331229501312863871438067146 681817010569480297247751153932343670064815819899 3546091846923263755194402259193532296512856407226 2929729556017367952669915173761572316434649547720
39124461088105219163204497990336701261169379971 4076803366268635091574916790585200792683576606142 66241316347992252023540865122086526139316872228 2100835711876397583178299931782127052983213934459
35301324141715275429838839418556813923841141814 11113201641757199442774917419774018305915697758961 3487611172390676903365604123934991885498638593473 3470686570767075219046934195523768277369556018502
38928422141423321410066847522865786749382553675 7603515971086859062203403391167364592271600100306 4382900291116416082508272564054426431915829805494 2349841674318686393022419577132065860978895944641
32208202781128928171366942573163556088395912244 5544441992047732808585619367085098114784508709814 995325717805424520615803592630381515101075460771 3384187276192702995614582241800570708119999374959
40410962877653985059119958656706820498101479406 9412282510267586808008632075991925353816277344308 583834971499088301533840890113145200588447199466 426452914883655511543234606362071318794507006956
38422811038431473117286474946132921998680521749 6568010433965123959477489583789676281924608702817 3993586914334053446658604848056281418215483064040 4023237153492877243269630403771791177853375708641
